13701
7653
9846
14108
18936
14212
3175
16433
12711
3718
9295
10385
15623
11605
16578
2818
11954
10179
18870
15031
14612
7629
15087
17157
12436
18418
9853
14034
13115
11916
18377
10457
15380
11424
11650
18369
2098
13890
18546
15533
15024
18968
6131
8604
17276
16011
13265
18353
14099
15006
15936
17432
19190
10511
3782
15525
18500
19309
19435
13762
16822
11508
5624
9569
19152
19877
9974
17003
3984
360
12702
8956
7881
17130
17605
11228
18942
16493
12569
15524
9508
12472
12456
16666
8022
14877
18141
18692
12830
15528
18596
16959
7478
10253
11098
18402
14223
4857
18679
18400
19730
7003
16475
18159
16168
11432
19190
17940
19697
15428
19828
18569
17059
13156
17026
16533
9031
5272
18463
3021
12187
14817
19187
18736
19454
16652
19644
13684
4551
11704
16793
14488
18784
18349
2292
17497
17195
8976
8784
5475
5546
6883
12226
17133
2239
17055
15842
16454
12185
17540
13165
17534
12228
18785
15155
9610
10007
16645
19862
15161
14875
17512
15544
17210
2220
11990
15089
8798
7704
14966
14939
18960
8732
19569
5220
16742
11984
12287
13207
13615
7813
13704
664
16911
10271
19206
6818
15872
13601
13907
16056
8995
8409
2606
9438
6682
18202
7676
17539
14198
16277
12320
17573
5838
16085
10777
17925
18111
7001
16041
18356
9910
18557
14143
17665
16888
19547
17276
7800
13957
13421
15690
11320
10657
11361
11191
9100
18283
19508
17299
12490
16722
7183
7011
17908
15559
13231
14913
16809
17038
10809
8811
7003
15712
12898
11499
18725
17048
167
18020
14277
6455
8066
17382
3163
18953
4247
18616
8302
17512
12229
19692
16150
11071
5314
19788
15301
15200
10357
7541
18593
8618
16827
7134
4925
14402
4077
10208
16843
18663
17149
12810
13534
15411
12182
15424
18182
16970
18246
19388
10320
12292
13734
14512
10107
2093
17574
18290
13555
14583
16627
16013
19044
6398
17126
16519
3189
11958
10461
17065
17959
4228
9172
12394
18288
14837
4097
15753
5569
17180
10767
18551
4709
18573
15836
12378
18486
4980
11982
17717
18833
10914
15189
19261
8147
14356
16258
10880
15407
6179
10465
8457
13134
9862
9207
3772
18848
5563
10028
16052
16974
12619
4907
7686
12288
19227
9934
11037
18643
14399
15821
9584
18837
14194
18296
15571
11960
13616
9452
15445
18484
17632
7717
11025
16489
7719
18987
11736
9179
14177
4305
7210
15975
18128
17084
14317
13620
9161
18938
16499
12431
19307
10166
7109
16118
15058
10247
7743
18060
18024
19126
8469
7467
4051
19526
7412
5521
7801
18661
11465
19570
17790
6854
8266
19105
14537
11962
10111
15770
4826
14743
13258
11223
19536
19186
17387
16773
15785
2308
17932
11866
17923
3987
17112
12737
17453
3790
6119
11272
4957
18499
16012
12875
13113
15912
18747
6039
16670
17785
11269
10338
8842
17946
8465
11605
18825
6572
11428
18341
427
14358
13549
15634
10246
15885
16103
16843
17046
7287
8056
16385
9740
6327
18729
18388
13643
10611
14033
7167
18103
12410
16823
11158
7310
18596
19635
11730
12081
17487
19601
16053
14078
11837
11717
17809
10736
7880
11357
19541
13201
17341
18761
7085
6790
14656
3158
14167
7929
5790
12342
8673
6476
16908
11574
18796
2352
9387
17676
16292
9712
14104
13145
18238
18985
7478
11261
672
16986
12238
19083
18730
19421
11712
13314
16379
10144
19899
9321
17928
17743
19239
17845
6372
8181
15798
17706
14520
7030
14156
12674
10879
12488
18689
16526
10008
16374
7730
6393
3696
17050
18680
16544
17461
17827
13035
13931
19029
14582
14592
3506
17140
13909
9330
7339
19032
19596
18942
9541
14176
19726
17818
8318
19063
14530
19690
10467
17715
6715
12546
11029
15923
7135
19583
9805
19517
19115
16987
19699
18344
15437
4745
3972
7804
12133
19231
18922
13585
7470
19521
19303
6872
8393
19816
19943
8229
7964
19848
15382
18711
10169
7919
12784
9514
15012
19266
15607
18602
19344
13511
8830
4245
12269
5536
9326
13453
11438
16489
17349
10651
15620
11593
11095
4658
15140
8321
8638
8286
10925
4720
10005
14377
6849
18309
15845
16861
12385
14238
17583
13558
6982
8102
18984
18666
15927
9803
19595
14311
13838
13741
19968
12558
17372
15448
19872
13398
17193
19417
19989
12076
17784
4130
18836
11881
13112
4359
14597
11524
18632
18599
14283
13991
13439
12872
17558
5776
19065
11171
9074
17167
2431
15329
9506
18814
12220
13771
15340
8548
19189
2480
13051
10052
10491
8495
10574
16023
16749
18889
8927
14780
15189
14229
14266
17088
11592
16071
18915
7655
14324
8382
17541
16276
6231
13387
12352
12553
14692
16104
8107
1090
16111
11174
5364
9759
11147
13077
10612
15500
8226
8943
15074
3684
14754
16507
15308
17130
11534
18204
3435
3981
14567
19953
5730
16920
8241
18462
3726
18390
15730
10719
17158
13992
6840
4407
13185
14651
5671
18192
16162
13622
19838
5860
10044
7000
14259
15495
1565
18851
19314
10379
3163
12370
12463
11278
17926
19126
15786
11504
19819
17274
13243
17718
19606
15066
7353
11154
9343
11236
19532
8322
19397
5270
7437
13250
19014
7365
14575
11173
8222
19086
10805
14346
19652
6831
14339
16448
19522
2712
16384
9191
8178
19674
18359
9809
9158
12100
13010
14653
17446
18255
19933
10094
11055
14998
17669
15517
8258
8273
18970
5479
5928
16262
12195
13036
12270
13534
18085
12104
3799
15810
9532
18051
18403
19862
19208
12341
3311
6219
17492
15260
18218
14986
10544
10875
12350
8506
16401
4749
14230
17784
15861
2389
10270
6503
7940
9386
10065
7997
17431
18925
13060
17883
6988
16351
19481
6548
16500
10662
10633
14809
7160
13824
15497
13232
7574
14847
13561
8806
17685
17149
18398
18258
14686
14442
14936
17743
18853
15393
19521
18965
12862
16320
12267
19802
9941
18855
7302
16376
18867
2794
11170
8574
15446
9264
12357
8256
15673
8805
17276
16416
13639
7398
11573
17844
4443
17001
7670
5894
10158
11712
19904
13190
12646
16066
18473
16303
12753
13290
16231
14017
6432
15419
8257
4216
14941
15403
19504
9021
16817
2964
8191
13473
2250
11236
8564
19020
14776
5000
9597
8829
14759
12443
11681
12188
13252
8576
5647
16807
4824
18043
11897
4623
17230
16324
9437
11595
8346
17751
11199
7455
14866
