Case 1
C 7
B 22
A 37
Case 2
E 0
A 1
D 1
C 10
B 50
Case 3
AAAAAAAAAAAAAAAD 149940
AAAAAAAAAAAAAAAC 149970
AAAAAAAAAAAAAAAB 149985
AAAAAAAAAAAAAAAA 150000
Case 4
RB 45384
YH 113378
DQ 170045
QB 249398
DX 288976
DA 288985
OW 504279
Case 5
JY 0
FR 11058
KL 11076
BY 15672
CD 79170
SA 164892
DB 204486
GX 208758
Case 6
PQ 251799
KH 289167
NM 354358
Case 7
BU 16492
LJ 18848
VS 24738
QM 67146
WN 80104
EW 81282
OQ 89528
DK 95418
Case 8
SN 21126
RR 32288
JP 33304
XM 46891
Case 9
WS 731720
JM 1024408
AD 1134166
Case 10
AC 2768
WP 24246
HF 75042
SA 85960
NU 109994
CH 122096
Case 11
QP 46375
TZ 57505
AC 74200
ML 118720
ZJ 144690
JX 155820
Case 12
CQ 1444
OM 3344
DW 4408
FC 4788
XI 5776
EN 6536
Case 13
HT 80091
GD 102859
IO 154278
TD 191423
Case 14
QK 112058
Case 15
OA 0
QX 28321
QM 67882
LG 84777
SP 468391
WN 541748
Case 16
UB 54828
OK 73104
HO 237588
HW 493452
LN 584832
UU 968628
QC 1407252
DE 1516908
TR 1608288
Case 17
ML 144474
DQ 179498
RD 205766
KW 249546
XL 275814
Case 18
WC 36172
XU 74990
Case 19
ME 428983
TD 750584
YD 1222441
Case 20
QF 212145
HL 424292
OG 872154
Case 21
AY 50252
UV 164900
YO 222096
YE 322448
Case 22
EH 16764
SK 152237
II 174509
Case 23
GI 22469
ZR 31101
LU 48230
CX 82362
UO 113121
BI 121750
YK 144048
Case 24
WD 6033
PP 20496
AP 42687
AD 60102
LW 71895
DC 73260
AU 80739
PL 86418
JB 126132
Case 25
HI 171530
Case 26
HI 441461
Case 27
CV 47281
BM 57356
FJ 118053
IB 134902
IQ 316971
JS 333833
YG 333925
Case 28
IG 10832
GE 16317
ZV 21658
DI 29776
EV 102887
FT 111010
OC 178692
Case 29
LO 1581418
XA 2643044
BC 5186146
ZQ 5568316
SQ 6655518
JP 7959164
XM 9333894
BE 9963683
SN 10571296
LL 11187163
KM 11437906
TB 11473905
PQ 12115245
RX 12474776
CL 13832454
OP 15718653
YH 17567814
QC 18114693
DA 18673623
UE 19012752
XX 19017600
HH 19260832
RB 19298646
AR 19650212
OM 20099686
DX 21474744
ZV 21580387
VQ 21778279
MD 22767717
QX 23216412
MA 25239557
NW 25802251
DQ 28295775
CQ 31845540
MO 34968713
EH 35244503
CO 35347160
FB 37468837
FW 37527699
DR 39455164
BB 41875967
OZ 42476348
RR 42573659
IV 44631223
RJ 46543608
IT 47676032
YB 48061064
DY 49389727
OW 49683226
YN 49867368
PA 50682825
SO 51184300
EN 53699732
QB 55829567
Case 30
VJ 1055637
TD 9404766
RS 15226764
EJ 16378368
IC 16730247
IH 17146104
CD 30069660
TU 34036296
YM 38802657
HD 40594041
OA 59211639
PP 80068467
PX 81635928
LO 84227037
AD 88257651
YE 89089365
HS 92128320
BT 92320254
JS 95167275
GR 99517779
GS 102268833
BL 109114479
WZ 112761225
LI 114808521
IA 115416312
HZ 116088081
NA 118007421
YG 120054717
CF 121366266
HA 123541518
RD 130739043
GD 131986614
NZ 133138218
MN 137584689
YO 139088172
IO 139599996
QO 141999171
GU 144622269
EN 149516586
PZ 150252333
TS 161384505
KY 163079922
SB 175811544
IB 176387346
BX 176867181
OO 180290004
DH 195964614
RY 199323459
EH 202586337
HT 203737941
SG 205689270
DG 205881204
VK 206137116
XZ 215030058
QL 217493211
KW 219092661
BE 227825658
VY 229840965
XX 230416767
CV 236942523
AM 245707509
BM 246283311
ZH 249834090
UM 251945364
DF 255048297
XQ 258503109
PU 258535098
NY 260678361
KV 263141514
JQ 263941239
AG 265412733
WF 266372403
KB 268739589
RM 272738214
YA 274401642
AY 274433631
FJ 280511541
EB 282462870
YP 289948296
IX 293978910
SP 298777260
VW 299640963
IQ 302296050
ZU 306838488
KP 307990092
WD 310645179
UO 312980376
UX 314995683
UV 317426847
XJ 319698066
Case 31
AU 19723
SL 27526
ZV 28106
QW 30087
IQ 61291
KQ 64426
VR 68536
EW 69678
LW 71070
EP 71828
IW 91900
WY 94213
NH 100731
UP 101437
ZD 103107
BU 108380
NT 114771
UN 129636
SP 132211
OT 139161
PP 145487
ZM 150311
XV 151074
LZ 183054
GA 191650
IF 192313
BD 207544
JU 212694
QC 223431
LT 226245
VW 228899
HL 233953
DD 236112
VY 237500
JG 240218
Case 32
OZ 289428
LK 380484
VE 575604
HS 725196
QS 2152824
XE 2295912
RG 2334936
PN 4796700
XH 7606428
JE 11053548
RF 12025896
SF 12490932
NU 12572232
GA 15229116
YM 18032340
UW 19411188
CD 19804680
VK 21017676
NA 26617620
FD 27417612
KG 28012728
ME 29898888
HB 30991560
UB 32175288
RJ 32350896
Case 33
LJ 1283997
OU 1310934
XF 3798117
GV 4731933
NK 4758870
GY 5629833
NV 6644460
GT 7147284
XG 9508761
XV 9715278
RA 11807385
KD 12633453
JE 12705285
CT 15021867
RC 15865893
UC 16108326
JL 16629108
XP 17491092
NE 18290223
ES 18604488
SK 19394640
CV 21361041
LE 22043445
GL 22052424
RV 24557565
MO 25518318
BG 26514987
ID 27798984
SY 27924690
IC 28131207
OP 29630700
GF 29998839
EI 31354668
JA 34003473
NO 34389570
HK 34937289
TE 35987832
PW 38169729
CU 39031713
ZB 39480663
JJ 39705138
QF 39947571
LU 42012741
BM 42183342
UU 42587397
FC 44392176
UB 44562777
NT 47454015
QX 48639243
XS 48657201
DI 49258794
TN 49725702
VB 50892972
EW 52625919
VI 52922226
QV 53326281
RY 55364514
UX 56801154
SW 57366831
KP 58875303
XN 59566686
SU 60491523
YC 61039242
QI 61865310
OB 61901226
HR 62386092
HY 63634173
JB 63652131
WN 65474868
HE 65762196
XD 66139314
PF 66974361
AQ 67611870
WP 67728597
CM 67971030
XL 70386381
QN 70862268
JV 71840979
BW 71921790
VJ 72164223
RQ 73331493
ET 73627800
RR 74292246
LT 75971319
JZ 77650392
NU 78602166
II 80173491
WM 81807669
NC 81897459
JN 82328451
YQ 85147857
RL 85291521
CX 85390290
ZZ 86072694
UY 86207379
LF 87563208
Case 34
IA 95849
WX 137605
VT 214474
KH 295139
SR 296088
VR 460265
TP 572247
WR 642473
MP 1045798
RU 1052441
PW 1125514
NA 1209026
MH 1239394
LM 1390285
QH 1392183
YR 1547819
FS 1661699
QK 1792661
EL 1812590
FT 1913184
WU 2013778
EE 2145689
MM 2304172
PD 2519595
FW 2541422
CB 2571790
ID 2669537
ZK 2714140
XU 2778672
PC 2804295
HI 2889705
IP 3159221
CC 3245580
CK 3251274
TQ 3399318
BF 3409757
SG 3439176
OH 3828266
NR 3975361
NK 4065516
NL 4272398
EB 4478331
NS 4587466
MO 4701346
RM 4849390
GS 4876911
CO 4943341
RT 5023057
YS 5159713
DG 5187234
BM 5256511
QV 5279287
AZ 5459597
ZJ 5852483
JJ 5865769
GX 5891392
TZ 5908474
NN 5980598
AO 6305156
ME 6313697
DW 6372535
UZ 6379178
AN 6419985
NC 6522477
NE 6818565
KJ 6909669
LL 7199114
LG 7229482
QC 7238972
LV 7360444
MK 7430670
JI 7488559
XM 7629011
DR 7853924
CX 7854873
ZA 7865312
ZN 7920354
FQ 8093072
TY 8578011
RN 8715616
BS 8738392
UL 9005061
BN 9165442
GE 9334364
XO 9370426
VC 9455836
Case 35
NL 255242
BI 3681375
WL 5566239
RS 5713494
GC 9728647
TZ 13164597
OY 13802702
QN 15020010
CQ 16463109
AY 17916025
TB 18141816
XS 18338156
ME 18887908
VM 21018197
TH 21057465
GD 24650487
BY 25357311
GF 25740174
SS 27124371
UV 28263143
SP 28587104
PO 28636189
YU 32896767
IE 34732546
OF 34889618
SA 35321566
LZ 37118077
DN 37500940
IB 37677646
QT 38168496
VS 41064511
NX 41152864
ML 42183649
FP 45521429
WQ 47367025
IM 51038583
QI 52786009
HV 53453565
NT 56271044
RI 58391516
KT 59186693
QA 59883700
YS 64016657
IK 68287052
UU 68915340
EP 69396373
FX 71978244
SK 73460611
FR 74717187
TQ 76533332
ZV 76543149
ET 76896561
OR 76916195
GV 78005882
JD 79880929
JZ 80185256
SE 80597570
KB 81559636
DB 81638172
ZP 82983101
NB 84573455
JH 86870633
PD 90031707
WY 90404753
NE 93192781
BC 94056677
GO 96245868
Case 36
XY 855260
GX 5785567
UQ 9464547
CA 10910789
WD 26209498
AM 27772028
RY 29204277
XT 32948691
XA 34851018
WM 39145724
AI 41044622
LF 42778481
EN 45318401
CB 49623232
VF 50721357
IK 53510842
HW 57851478
PQ 60388091
AW 62285173
QX 63115106
GT 68954249
XQ 75795176
UC 79761418
CS 80922863
IX 81173750
PY 85591223
SJ 87264698
VB 89232355
VG 94485052
KQ 97425094
MB 97972090
DU 99077905
WP 99496192
JM 100628679
IU 102503934
QA 106744940
NT 108256242
MV 108725472
RN 113454132
JH 114701768
EU 117132843
EY 118295558
CO 119031610
BP 121269006
VL 125088368
GV 125986567
EZ 127952133
KF 131828499
KC 132994740
TY 134908927
SZ 135787111
RO 138134520
YX 141586395
GZ 142492679
LN 142917003
XM 143903177
AO 144006393
GE 147969417
MJ 147984675
NE 151674663
OK 154234967
XX 154241729
IA 155276799
Case 37
KE 578512
QJ 2666103
PL 5427356
EX 5511088
JT 6378856
WG 7813718
ED 8184803
PW 8664359
VT 9554963
CW 10563553
WS 11872817
TU 12320022
BV 13183984
DP 13924251
EA 15094596
RP 17309688
Case 38
MI 6123
QH 9937
SD 24099
RE 26473
GK 29254
EV 36656
LV 37280
TF 38020
FR 39040
VA 43227
TN 44155
DO 48328
XI 52104
VJ 53297
YS 53768
BJ 56998
MK 58601
QB 59366
XD 60419
JC 64007
CW 64554
UE 65794
CL 66720
GT 71677
WX 75152
AY 75773
SJ 81383
YE 83693
GA 83752
VN 86374
QU 86385
JN 91079
ZI 93421
ZE 93752
QI 93827
VD 94832
RS 96775
EK 97521
OW 98034
XR 98048
FS 98636
XZ 98673
LQ 99424
WU 99595
LF 101619
LI 102775
EL 104138
JB 105154
DY 106037
CI 113080
MD 113287
DL 117152
CO 118136
OU 119534
DQ 122295
JG 123341
ZA 128824
UT 133706
HU 135345
PF 137090
RX 137783
NC 139046
JP 139720
FQ 139780
QM 140359
SO 140866
JQ 141000
FF 141296
FU 150674
QP 153833
CN 162872
XL 167506
IR 168607
RN 168892
WN 170418
YY 171988
Case 39
MN 572462
PD 1605766
EK 1805246
SO 2005972
DV 2145942
AU 2172006
TV 2223200
CO 2605540
FC 2824032
ZQ 2985784
FB 3244228
AP 3587258
SG 3705318
AT 3808722
IW 4081524
UQ 4176672
WA 4225584
VU 4796804
YH 5065192
UE 5276078
FR 5558450
WQ 5829330
RO 5845016
GS 6481298
TD 6630184
IT 7251066
NJ 7407640
MQ 7518412
IM 7559380
VO 7568586
HH 7728052
OE 8145316
QI 8149790
MZ 8297604
QF 8441546
IU 8443602
KS 8679434
RI 8719268
LP 8776144
NP 8967060
FV 9762322
MY 9888372
SA 10049430
SQ 10056502
RE 10282170
VQ 10795790
WD 10828158
OG 11033506
QZ 11305770
PM 11523780
UI 11838606
OZ 12371082
KA 12468410
WY 12473454
ZY 12529386
OQ 12531836
TQ 12568572
DB 12626144
VF 13207786
OR 13449380
BX 13528426
YN 13577344
GK 13591924
RX 13971272
MI 14110650
AW 14221800
DM 14361012
AF 14376078
TA 14506074
YE 14582512
CQ 14711530
XK 15067456
GA 15446516
EQ 15951318
QT 16122548
CT 16125094
UU 16267714
NM 16409110
PY 16465402
RT 16544298
HI 16692488
WU 16805958
KM 16961900
QS 17236804
XB 17409688
JW 17529730
IH 17632496
PS 17812052
XQ 18028462
IN 18683386
OD 18764010
HB 18826330
SS 18894012
SP 18974008
EP 19101204
NQ 19499302
NT 19580528
Case 40
AB 6626330
CC 7145691
QV 8703774
PG 9169408
NW 11981121
CP 13001934
ZT 18374634
LI 19395447
LC 22117615
UU 24141332
CB 26433684
ZG 27633587
SB 30552754
SC 32379472
BZ 33722647
WO 33865919
JQ 35047913
MU 46796217
ML 48425936
HB 49536294
YQ 50682470
MB 51237649
XN 56789439
XJ 62305411
DM 64597763
DN 70113735
HI 73820898
WM 74877529
GX 79748777
WR 82202310
HV 86088563
IG 89831544
RF 90709085
WT 92356713
SH 92661166
QI 93305890
UQ 95150517
WJ 104982558
YN 116139865
GT 117572585
PQ 122497560
MI 122963194
ZA 123160193
PV 123178102
SA 124288460
CL 124306369
YJ 126527085
XI 127583716
LW 129195526
AO 132275874
IT 140514014
PR 142663094
NN 145152445
OZ 145277808
EE 146943345
VN 151653412
HM 152190682
OQ 156345570
ZP 158011107
NI 162577902
RZ 165729886
JT 169275868
JP 170798133
QE 173681482
PK 174362024
DW 175991743
Case 41
QQ 156825
VD 238425
EQ 460275
GK 568650
RZ 627300
XQ 674475
HB 921825
SD 1096500
CO 1128375
HD 1128375
DN 1552950
SF 1634550
SR 1697025
EG 1734000
FV 1985175
NY 2256750
QF 2342175
GT 2386800
SG 2455650
UB 2510475
DA 2963100
XV 3007725
GY 3215550
FI 3800775
ST 3855600
WC 4069800
VU 4133550
BG 4273800
ZR 4637175
PW 5036250
QC 5216025
OI 5226225
ZC 5375400
ES 5394525
DE 5460825
CT 5719650
BP 5810175
MW 6037125
QM 6234750
TL 6253875
LP 6273000
NW 6396675
RL 6605775
FE 6901575
YM 7453650
HG 7460025
QK 7599000
RR 7684425
WL 7876950
ER 7894800
NG 7975125
XD 7991700
VC 8240325
OT 8890575
LX 9006600
PX 9099675
NI 9134100
EI 9264150
ZA 9382725
ED 9389100
XS 9417150
VY 9529350
KP 9807300
OB 9885075
HX 9964125
RW 10012575
KR 10276500
KW 10738050
MZ 10768650
NP 10776300
YB 10916550
EF 11073375
JP 11109075
VK 11430375
PP 11462250
IG 11495400
FU 11582100
FO 11636925
DD 11858775
SV 11928900
LC 11977350
PH 12079350
VT 12132900
IY 12214500
YR 12217050
WN 12398100
DF 12468225
WT 12521775
IQ 12609750
KJ 12670950
Case 42
FY 86526
XB 586872
YD 1248984
PX 1839618
DJ 2633400
AR 3494898
KO 4687452
ZM 4854861
LE 6530832
YV 6568452
CG 6638049
CT 7401735
AA 7657551
NK 7665075
EA 7745958
GM 8214327
PP 11109186
KB 11524887
VM 11859705
ZU 12134331
IC 13067307
UA 13646655
JO 14549535
QP 14731992
AC 14803470
HU 15012261
GZ 15064929
CO 15418557
RG 16280055
MP 16628040
ZN 16912071
WK 17752878
IV 18381132
Case 43
ZC 46604
JB 68718
VD 143364
YJ 971976
WJ 1442216
ZJ 1570708
YS 1984134
ZM 2314114
IR 3361094
TX 3545624
FY 3860768
SV 4541042
HR 4561036
VR 5399820
JJ 5838872
PY 5910258
NG 6000660
DR 6319278
RF 6892614
BN 7072786
FC 7763862
EQ 7929494
KW 8084230
CK 8094722
MJ 8357200
SZ 8703196
TA 8708126
UW 9129272
ZS 9483616
VA 9571544
EU 9607084
PP 9991604
AN 10057498
VG 10292270
ZK 10293610
GB 10612076
IB 11006094
FB 11052148
MQ 11108424
NE 11338148
YR 11385048
CI 11609890
CJ 11832182
MV 13239838
XL 13430844
PG 13734430
SQ 13752662
PJ 13909542
LE 13993204
UB 14056490
AD 14641262
PT 14771468
KI 14936118
HS 14986314
SH 15205356
TE 15492214
TD 15811816
MG 15827362
QD 16138902
WK 16308484
LP 16711168
ZF 17188656
JH 17293076
VV 17612262
KY 17841586
KF 18257126
PN 18340208
TZ 18353478
FA 18969870
AO 19150960
WC 19276278
BL 19551626
PL 19850874
ZA 19965672
CV 20672428
BO 20796418
QV 21140112
FV 21164590
BI 21559826
ZN 21750820
EY 22282534
HN 22421366
TW 22489240
WI 22612944
UU 23103156
ZD 23112996
JA 23116478
KS 23251236
VK 23756022
Case 44
BH 12136
BS 443184
WS 456171
ZA 596344
GM 715823
UH 790567
SX 799341
DC 829804
MM 840708
IF 866767
RZ 1099621
ST 1170170
AO 1190011
QU 1323184
UP 1452470
ZJ 1494586
XF 1547759
XP 1766470
BT 1804490
QG 1894884
PD 1917663
VD 1975112
FR 2026605
TD 2033645
SJ 2099594
NM 2194989
FB 2482703
WQ 2521144
DM 2644476
QQ 2791164
NU 2906381
MQ 3223887
PF 3672467
RL 3749174
HV 3878382
MZ 3926282
TO 4086131
DZ 4243344
VJ 4255896
UK 4270343
GQ 4331949
ZN 4397947
TC 4491324
IY 4508356
XB 4529823
FH 4542075
TP 4584893
FS 4715843
OY 4737378
QP 4777317
BL 4843354
TL 5021198
BJ 5143509
SY 5192152
UY 5224432
VV 5566665
YY 5932946
QS 5955759
PS 6042173
WB 6051066
UO 6294050
FN 6308275
RX 6374850
CY 6388383
XW 6509738
UT 6618048
EK 6641765
GH 6662830
JP 6798158
PR 6956980
ZF 6963143
TH 7009534
ZH 7089646
NS 7097603
PC 7155696
CS 7318323
YK 7353109
OI 7384021
ZS 7526404
HO 7526723
HF 7595262
EQ 7637164
LR 7751138
GG 7795100
HY 7810125
VK 7873565
QX 8061804
NW 8114847
QZ 8322139
TU 8339838
YE 8451240
Case 45
HD 787985
VT 1773601
VI 2005300
EI 2580098
CL 3090190
GC 3434476
CJ 3692711
SM 3888470
IO 3941373
HM 4025475
SD 4064572
LI 4145878
CC 4169650
OG 4177525
VO 4884287
RF 5213329
KD 5243480
NX 5697019
RH 6633437
PP 7132862
BX 8038705
YG 8105167
DG 8141282
XI 8514021
WW 9452193
NJ 12210122
LT 12468835
SC 12833457
XC 14077220
XB 14802850
ZL 15443564
RO 17441591
MZ 18053652
KM 18090487
Case 46
CJ 15192
IY 212055
JS 335490
EX 434238
OV 465888
MR 480447
SD 650724
DH 660852
NI 706428
CX 738711
FD 963426
FA 1188141
QT 1217892
VK 1429314
NT 1482486
DV 1537557
JU 1940145
IL 2009775
ZZ 2072442
FI 2295891
DA 2307285
GV 2396538
PD 2435784
ZY 2556054
OB 2597199
PX 2721900
FN 2892810
IE 3189687
QZ 3282738
EH 3290334
CP 3416301
LR 3434658
QS 3575184
IR 3727104
VO 3782175
ZG 4139820
OI 4453788
AG 4477842
PF 4565829
CZ 4643688
JF 4779150
QN 4793076
ZS 4798773
RM 4858908
ZQ 4999434
CV 5028552
YJ 5136162
WH 5143125
KK 5246304
NO 5329860
JH 5440635
GX 5500770
RO 5645727
XP 5667882
IU 5709660
AV 5717256
MA 5753337
FG 5800179
ZT 5914119
LI 5961594
GI 5999574
HX 6019197
BI 6083130
RG 6137568
KE 6285690
Case 47
UZ 3559345
FO 8749681
RN 14651886
BT 16661339
CI 17138922
MF 20472992
GC 24140469
XD 24509920
XJ 33728173
GI 35052790
ID 35485318
SP 36972133
IK 38909498
TK 40882907
GT 41937194
MX 42432799
CZ 42811261
PF 43234778
ET 43757416
JC 44703571
FY 46370606
QJ 52164679
MG 54399407
GA 60788206
IW 62049746
XY 62220955
EF 62608428
JH 63455462
ED 64347551
BK 65564036
QN 65996564
LL 66113707
FN 68105138
SN 70294811
VG 71916791
KR 73448661
QF 74178552
UD 75079652
ZR 75908664
AC 77918117
VC 78990426
IT 80621417
PM 81621638
YJ 81657682
AQ 83144497
BA 83883399
TB 83928454
LD 84171751
KS 84757466
WK 86658787
Case 48
RX 6179976
KN 19706247
ME 23311233
WT 30793851
ZY 52423767
AM 68025177
ES 114920289
DF 129143322
TF 146198844
Case 49
XS 1205
JW 43139
VW 64347
YS 92303
NL 144841
MA 191354
TO 216900
RR 236903
WH 243892
PQ 244374
EI 244615
EV 309685
ZO 313059
DG 316433
ZG 321976
TQ 393071
QA 426329
XI 431631
AE 500316
FH 527067
ZW 551167
IO 638650
RY 688296
GW 716975
LY 782768
DD 789757
RQ 872179
RH 922066
ZL 996294
JI 1078716
ZX 1092935
ZD 1098719
JS 1140653
WD 1153426
CC 1212712
UD 1247898
TB 1258261
YT 1365024
XB 1376351
VR 1437806
KA 1454676
PW 1493718
VC 1495646
HN 1506732
JQ 1527940
GL 1568428
WX 1623858
GT 1635667
ZR 1642415
EX 1695194
OQ 1852808
OE 1869437
MW 1883174
XO 1940773
AV 1988009
TI 2059827
UI 2082240
FC 2121764
D